Using pre-set license
Built from '2022.3/staging' branch; Version is '2022.3.16f1 (d2c21f0ef2f1) revision 13812255'; Using compiler version '192829333'; Build Type 'Release'
OS: 'Windows 11  (10.0.22631) 64bit CoreSingleLanguage' Language: 'en' Physical Memory: 15628 MB
BatchMode: 1, IsHumanControllingUs: 0, StartBugReporterOnCrash: 0, Is64bit: 1, IsPro: 1

COMMAND LINE ARGUMENTS:
C:\Program Files\Unity\Hub\Editor\2022.3.16f1\Editor\Unity.exe
-adb2
-batchMode
-noUpm
-name
AssetImportWorker2
-projectPath
D:/NEXT '24/Unity/29 Fab/The Cat Verse 2D (Mob)
-logFile
Logs/AssetImportWorker2.log
-srvPort
51174
Successfully changed project path to: D:/NEXT '24/Unity/29 Fab/The Cat Verse 2D (Mob)
D:/NEXT '24/Unity/29 Fab/The Cat Verse 2D (Mob)
[UnityMemory] Configuration Parameters - Can be set up in boot.config
    "memorysetup-bucket-allocator-granularity=16"
    "memorysetup-bucket-allocator-bucket-count=8"
    "memorysetup-bucket-allocator-block-size=33554432"
    "memorysetup-bucket-allocator-block-count=8"
    "memorysetup-main-allocator-block-size=16777216"
    "memorysetup-thread-allocator-block-size=16777216"
    "memorysetup-gfx-main-allocator-block-size=16777216"
    "memorysetup-gfx-thread-allocator-block-size=16777216"
    "memorysetup-cache-allocator-block-size=4194304"
    "memorysetup-typetree-allocator-block-size=2097152"
    "memorysetup-profiler-bucket-allocator-granularity=16"
    "memorysetup-profiler-bucket-allocator-bucket-count=8"
    "memorysetup-profiler-bucket-allocator-block-size=33554432"
    "memorysetup-profiler-bucket-allocator-block-count=8"
    "memorysetup-profiler-allocator-block-size=16777216"
    "memorysetup-profiler-editor-allocator-block-size=1048576"
    "memorysetup-temp-allocator-size-main=16777216"
    "memorysetup-job-temp-allocator-block-size=2097152"
    "memorysetup-job-temp-allocator-block-size-background=1048576"
    "memorysetup-job-temp-allocator-reduction-small-platforms=262144"
    "memorysetup-allocator-temp-initial-block-size-main=262144"
    "memorysetup-allocator-temp-initial-block-size-worker=262144"
    "memorysetup-temp-allocator-size-background-worker=32768"
    "memorysetup-temp-allocator-size-job-worker=262144"
    "memorysetup-temp-allocator-size-preload-manager=33554432"
    "memorysetup-temp-allocator-size-nav-mesh-worker=65536"
    "memorysetup-temp-allocator-size-audio-worker=65536"
    "memorysetup-temp-allocator-size-cloud-worker=32768"
    "memorysetup-temp-allocator-size-gi-baking-worker=262144"
    "memorysetup-temp-allocator-size-gfx=262144"
Player connection [25652] Host "[IP] 192.168.1.7 [Port] 0 [Flags] 2 [Guid] 4171812594 [EditorId] 4171812594 [Version] 1048832 [Id] WindowsEditor(7,Somya) [Debug] 1 [PackageName] WindowsEditor [ProjectName] Editor" joined multi-casting on [225.0.0.222:54997]...

Player connection [25652] Host "[IP] 192.168.1.7 [Port] 0 [Flags] 2 [Guid] 4171812594 [EditorId] 4171812594 [Version] 1048832 [Id] WindowsEditor(7,Somya) [Debug] 1 [PackageName] WindowsEditor [ProjectName] Editor" joined alternative multi-casting on [225.0.0.222:34997]...

[Physics::Module] Initialized MultithreadedJobDispatcher with 15 workers.
Refreshing native plugins compatible for Editor in 5.31 ms, found 3 plugins.
Preloading 0 native plugins for Editor in 0.00 ms.
Initialize engine version: 2022.3.16f1 (d2c21f0ef2f1)
[Subsystems] Discovering subsystems at path C:/Program Files/Unity/Hub/Editor/2022.3.16f1/Editor/Data/Resources/UnitySubsystems
[Subsystems] Discovering subsystems at path D:/NEXT '24/Unity/29 Fab/The Cat Verse 2D (Mob)/Assets
GfxDevice: creating device client; threaded=0; jobified=0
Direct3D:
    Version:  Direct3D 11.0 [level 11.1]
    Renderer: NVIDIA GeForce RTX 3050 Laptop GPU (ID=0x25a2)
    Vendor:   NVIDIA
    VRAM:     3964 MB
    Driver:   32.0.15.6070
Initialize mono
Mono path[0] = 'C:/Program Files/Unity/Hub/Editor/2022.3.16f1/Editor/Data/Managed'
Mono path[1] = 'C:/Program Files/Unity/Hub/Editor/2022.3.16f1/Editor/Data/MonoBleedingEdge/lib/mono/unityjit-win32'
Mono config path = 'C:/Program Files/Unity/Hub/Editor/2022.3.16f1/Editor/Data/MonoBleedingEdge/etc'
Using monoOptions --debugger-agent=transport=dt_socket,embedding=1,server=y,suspend=n,address=127.0.0.1:56212
Begin MonoManager ReloadAssembly
Registering precompiled unity dll's ...
Register platform support module: C:/Program Files/Unity/Hub/Editor/2022.3.16f1/Editor/Data/PlaybackEngines/WebGLSupport/UnityEditor.WebGL.Extensions.dll
Register platform support module: C:/Program Files/Unity/Hub/Editor/2022.3.16f1/Editor/Data/PlaybackEngines/AndroidPlayer/UnityEditor.Android.Extensions.dll
Register platform support module: C:/Program Files/Unity/Hub/Editor/2022.3.16f1/Editor/Data/PlaybackEngines/iOSSupport/UnityEditor.iOS.Extensions.dll
Register platform support module: C:/Program Files/Unity/Hub/Editor/2022.3.16f1/Editor/Data/PlaybackEngines/WindowsStandaloneSupport/UnityEditor.WindowsStandalone.Extensions.dll
Registered in 0.013930 seconds.
- Loaded All Assemblies, in  0.327 seconds
Native extension for WindowsStandalone target not found
[usbmuxd] Start listen thread
[usbmuxd] Listen thread started
Native extension for iOS target not found
Native extension for Android target not found
Android Extension - Scanning For ADB Devices 271 ms
Native extension for WebGL target not found
Mono: successfully reloaded assembly
- Finished resetting the current domain, in  0.570 seconds
Domain Reload Profiling: 895ms
	BeginReloadAssembly (91ms)
		ExecutionOrderSort (0ms)
		DisableScriptedObjects (0ms)
		BackupInstance (0ms)
		ReleaseScriptingObjects (0ms)
		CreateAndSetChildDomain (1ms)
	RebuildCommonClasses (28ms)
	RebuildNativeTypeToScriptingClass (9ms)
	initialDomainReloadingComplete (61ms)
	LoadAllAssembliesAndSetupDomain (136ms)
		LoadAssemblies (89ms)
		RebuildTransferFunctionScriptingTraits (0ms)
		AnalyzeDomain (133ms)
			TypeCache.Refresh (132ms)
				TypeCache.ScanAssembly (120ms)
			ScanForSourceGeneratedMonoScriptInfo (0ms)
			ResolveRequiredComponents (0ms)
	FinalizeReload (571ms)
		ReleaseScriptCaches (0ms)
		RebuildScriptCaches (0ms)
		SetupLoadedEditorAssemblies (522ms)
			LogAssemblyErrors (0ms)
			InitializePlatformSupportModulesInManaged (380ms)
			SetLoadedEditorAssemblies (2ms)
			RefreshPlugins (0ms)
			BeforeProcessingInitializeOnLoad (2ms)
			ProcessInitializeOnLoadAttributes (98ms)
			ProcessInitializeOnLoadMethodAttributes (38ms)
			AfterProcessingInitializeOnLoad (0ms)
			EditorAssembliesLoaded (0ms)
		ExecutionOrderSort2 (0ms)
		AwakeInstancesAfterBackupRestoration (0ms)
========================================================================
Worker process is ready to serve import requests
Begin MonoManager ReloadAssembly
- Loaded All Assemblies, in  0.510 seconds
Refreshing native plugins compatible for Editor in 2.08 ms, found 3 plugins.
Native extension for WindowsStandalone target not found
Native extension for iOS target not found
Native extension for Android target not found
Native extension for WebGL target not found
Package Manager log level set to [2]
[Package Manager] Server::EnsureServerProcessIsRunning -- launch failed, reason: Unity was launched with the -noUpm command-line argument
[Package Manager] UpmClient::Send -- Unable to send message (not connected to UPM process).
[Package Manager] Cannot connect to Unity Package Manager local server
Mono: successfully reloaded assembly
- Finished resetting the current domain, in  0.719 seconds
Domain Reload Profiling: 1226ms
	BeginReloadAssembly (137ms)
		ExecutionOrderSort (0ms)
		DisableScriptedObjects (5ms)
		BackupInstance (0ms)
		ReleaseScriptingObjects (0ms)
		CreateAndSetChildDomain (22ms)
	RebuildCommonClasses (33ms)
	RebuildNativeTypeToScriptingClass (9ms)
	initialDomainReloadingComplete (42ms)
	LoadAllAssembliesAndSetupDomain (287ms)
		LoadAssemblies (234ms)
		RebuildTransferFunctionScriptingTraits (0ms)
		AnalyzeDomain (132ms)
			TypeCache.Refresh (110ms)
				TypeCache.ScanAssembly (94ms)
			ScanForSourceGeneratedMonoScriptInfo (15ms)
			ResolveRequiredComponents (5ms)
	FinalizeReload (719ms)
		ReleaseScriptCaches (0ms)
		RebuildScriptCaches (0ms)
		SetupLoadedEditorAssemblies (553ms)
			LogAssemblyErrors (0ms)
			InitializePlatformSupportModulesInManaged (35ms)
			SetLoadedEditorAssemblies (2ms)
			RefreshPlugins (0ms)
			BeforeProcessingInitializeOnLoad (52ms)
			ProcessInitializeOnLoadAttributes (423ms)
			ProcessInitializeOnLoadMethodAttributes (32ms)
			AfterProcessingInitializeOnLoad (9ms)
			EditorAssembliesLoaded (0ms)
		ExecutionOrderSort2 (0ms)
		AwakeInstancesAfterBackupRestoration (5ms)
Launched and connected shader compiler UnityShaderCompiler.exe after 0.04 seconds
Refreshing native plugins compatible for Editor in 2.64 ms, found 3 plugins.
Preloading 0 native plugins for Editor in 0.00 ms.
Unloading 2599 Unused Serialized files (Serialized files now loaded: 0)
Unloading 68 unused Assets / (133.2 KB). Loaded Objects now: 3068.
Memory consumption went from 120.2 MB to 120.1 MB.
Total: 4.534900 ms (FindLiveObjects: 0.206200 ms CreateObjectMapping: 0.070400 ms MarkObjects: 4.104800 ms  DeleteObjects: 0.152600 ms)

AssetImportParameters requested are different than current active one (requested -> active):
  custom:video-decoder-webm-vp8: 9c59270c3fd7afecdb556c50c9e8de78 -> 
  custom:SearchIndexIgnoredProperties: e643bd26f0fe6173181afceb89e7c659 -> 
  custom:container-demuxer-ogg: 62fdf1f143b41e24485cea50d1cbac27 -> 
  custom:AudioImporter_EditorPlatform: d09bf68614088b80899f8185d706f6e7 -> 
  custom:video-codec-MediaFoundation-h265: 746d11721c4dcdbdad8f713fa42b33f4 -> 
  custom:video-decoder-ogg-theora: a1e56fd34408186e4bbccfd4996cb3dc -> 
  custom:framework-win-MediaFoundation: 216162199b28c13a410421893ffa2e32 -> 
  custom:video-encoder-webm-vp8: eb34c28f22e8b96e1ab97ce403110664 -> 
  custom:audio-decoder-ogg-vorbis: bf7c407c2cedff20999df2af8eb42d56 -> 
  custom:CustomObjectIndexerAttribute: 43b350a4d6e6d1791af0b5038c4bea17 -> 
  custom:container-demuxer-webm: 4f35f7cbe854078d1ac9338744f61a02 -> 
  custom:audio-encoder-webm-vorbis: bf7c407c2cedff20999df2af8eb42d56 -> 
  custom:container-muxer-webm: aa71ff27fc2769a1b78a27578f13a17b -> 
========================================================================
Received Import Request.
  Time since last request: 4218.797737 seconds.
  path: Assets/Sprites
  artifactKey: Guid(dc182d56fdba50f4a89ea9de4d894103) Importer(815301076,1909f56bfc062723c751e8b465ee728b)
Start importing Assets/Sprites using Guid(dc182d56fdba50f4a89ea9de4d894103) Importer(815301076,1909f56bfc062723c751e8b465ee728b)  -> (artifact id: 'b2a2a5e7b91e737b4553d45b5f7f0fc8') in 0.002699 seconds
Number of updated asset objects reloaded before import = 0
Number of asset objects unloaded after import = 0
========================================================================
Received Import Request.
  Time since last request: 0.061440 seconds.
  path: Assets/Sprites/astrocat-idle.png
  artifactKey: Guid(8f8a406683fd40c49a3789817ed88f13) Importer(815301076,1909f56bfc062723c751e8b465ee728b)
Start importing Assets/Sprites/astrocat-idle.png using Guid(8f8a406683fd40c49a3789817ed88f13) Importer(815301076,1909f56bfc062723c751e8b465ee728b)  -> (artifact id: 'd578adc9e4a17d499dae8e41fc4d9c0e') in 0.064866 seconds
Number of updated asset objects reloaded before import = 0
Number of asset objects unloaded after import = 10
========================================================================
Received Import Request.
  Time since last request: 0.000015 seconds.
  path: Assets/Sprites/explorers_club_aquarius.jpg
  artifactKey: Guid(b2336cbed9ffcea4f8a8d00826b90cb5) Importer(815301076,1909f56bfc062723c751e8b465ee728b)
Start importing Assets/Sprites/explorers_club_aquarius.jpg using Guid(b2336cbed9ffcea4f8a8d00826b90cb5) Importer(815301076,1909f56bfc062723c751e8b465ee728b)  -> (artifact id: '76cf50071e77ad37ec12f36bbb595281') in 0.013458 seconds
Number of updated asset objects reloaded before import = 0
Number of asset objects unloaded after import = 3
========================================================================
Received Import Request.
  Time since last request: 0.000023 seconds.
  path: Assets/Sprites/fuelbarborder2.png
  artifactKey: Guid(2f5ae8f43e966d6458ad90a9b960673a) Importer(815301076,1909f56bfc062723c751e8b465ee728b)
Start importing Assets/Sprites/fuelbarborder2.png using Guid(2f5ae8f43e966d6458ad90a9b960673a) Importer(815301076,1909f56bfc062723c751e8b465ee728b)  -> (artifact id: '84c36f02ed0be721b372f83e9b98d63c') in 0.012429 seconds
Number of updated asset objects reloaded before import = 0
Number of asset objects unloaded after import = 3
========================================================================
Received Import Request.
  Time since last request: 0.000015 seconds.
  path: Assets/Sprites/fuel-liquid-idle.png
  artifactKey: Guid(b5ad84ee9229e094f8bc5647dab19f78) Importer(815301076,1909f56bfc062723c751e8b465ee728b)
Start importing Assets/Sprites/fuel-liquid-idle.png using Guid(b5ad84ee9229e094f8bc5647dab19f78) Importer(815301076,1909f56bfc062723c751e8b465ee728b)  -> (artifact id: 'fb314d1c8a7ddaeaacf390f4805f8f92') in 0.017013 seconds
Number of updated asset objects reloaded before import = 0
Number of asset objects unloaded after import = 7
========================================================================
Received Import Request.
  Time since last request: 0.000015 seconds.
  path: Assets/Sprites/max-fuel-txt.png
  artifactKey: Guid(3e98bfe7a97a75c4aa9327d3030ca253) Importer(815301076,1909f56bfc062723c751e8b465ee728b)
Start importing Assets/Sprites/max-fuel-txt.png using Guid(3e98bfe7a97a75c4aa9327d3030ca253) Importer(815301076,1909f56bfc062723c751e8b465ee728b)  -> (artifact id: '8c1bd1ae87068a2283160c4a578c5007') in 0.025298 seconds
Number of updated asset objects reloaded before import = 0
Number of asset objects unloaded after import = 10
========================================================================
Received Import Request.
  Time since last request: 0.000012 seconds.
  path: Assets/Sprites/planetblue.png
  artifactKey: Guid(6d4e17c7062738c48830947801bbfbcb) Importer(815301076,1909f56bfc062723c751e8b465ee728b)
Start importing Assets/Sprites/planetblue.png using Guid(6d4e17c7062738c48830947801bbfbcb) Importer(815301076,1909f56bfc062723c751e8b465ee728b)  -> (artifact id: '2fdb42ac155677fca0b92e40e11ea1c1') in 0.011753 seconds
Number of updated asset objects reloaded before import = 0
Number of asset objects unloaded after import = 3
========================================================================
Received Import Request.
  Time since last request: 0.000013 seconds.
  path: Assets/Sprites/planet1.png
  artifactKey: Guid(5f96663e2358f394aa90c1407d5cce91) Importer(815301076,1909f56bfc062723c751e8b465ee728b)
Start importing Assets/Sprites/planet1.png using Guid(5f96663e2358f394aa90c1407d5cce91) Importer(815301076,1909f56bfc062723c751e8b465ee728b)  -> (artifact id: '7f0317761c3f910e2f3f7548b4cbb1ff') in 0.014124 seconds
Number of updated asset objects reloaded before import = 0
Number of asset objects unloaded after import = 3
========================================================================
Received Import Request.
  Time since last request: 0.000014 seconds.
  path: Assets/Sprites/menubtn.png
  artifactKey: Guid(f668ffeed327b2642bd0bfa204b5a9c9) Importer(815301076,1909f56bfc062723c751e8b465ee728b)
Start importing Assets/Sprites/menubtn.png using Guid(f668ffeed327b2642bd0bfa204b5a9c9) Importer(815301076,1909f56bfc062723c751e8b465ee728b)  -> (artifact id: 'ed5ef2380a28b6fb0c980688ff2a551e') in 0.014012 seconds
Number of updated asset objects reloaded before import = 0
Number of asset objects unloaded after import = 3
========================================================================
Received Import Request.
  Time since last request: 0.000015 seconds.
  path: Assets/Sprites/planetgreen.png
  artifactKey: Guid(b4786e245018d0148acd1681013ccc20) Importer(815301076,1909f56bfc062723c751e8b465ee728b)
Start importing Assets/Sprites/planetgreen.png using Guid(b4786e245018d0148acd1681013ccc20) Importer(815301076,1909f56bfc062723c751e8b465ee728b)  -> (artifact id: '4602bf5372b79365aabd226b1f89d8e3') in 0.011427 seconds
Number of updated asset objects reloaded before import = 0
Number of asset objects unloaded after import = 3
========================================================================
Received Import Request.
  Time since last request: 0.000013 seconds.
  path: Assets/Sprites/launchBtn.png
  artifactKey: Guid(a10a4839f09a243418db1ecae0f8bea4) Importer(815301076,1909f56bfc062723c751e8b465ee728b)
Start importing Assets/Sprites/launchBtn.png using Guid(a10a4839f09a243418db1ecae0f8bea4) Importer(815301076,1909f56bfc062723c751e8b465ee728b)  -> (artifact id: '4e162754d34fb09590b9a0409aa622a6') in 0.011807 seconds
Number of updated asset objects reloaded before import = 0
Number of asset objects unloaded after import = 3
========================================================================
Received Import Request.
  Time since last request: 0.000013 seconds.
  path: Assets/Sprites/logobg.png
  artifactKey: Guid(deb35f50b6e9c1d40a306f348411a702) Importer(815301076,1909f56bfc062723c751e8b465ee728b)
Start importing Assets/Sprites/logobg.png using Guid(deb35f50b6e9c1d40a306f348411a702) Importer(815301076,1909f56bfc062723c751e8b465ee728b)  -> (artifact id: '112b173afefdf40b6fcf193ffc2a03ea') in 0.010351 seconds
Number of updated asset objects reloaded before import = 0
Number of asset objects unloaded after import = 2
========================================================================
Received Import Request.
  Time since last request: 0.000016 seconds.
  path: Assets/Sprites/fuelbarborder3.png
  artifactKey: Guid(e967f72c03352d54f94fac431539ff69) Importer(815301076,1909f56bfc062723c751e8b465ee728b)
Start importing Assets/Sprites/fuelbarborder3.png using Guid(e967f72c03352d54f94fac431539ff69) Importer(815301076,1909f56bfc062723c751e8b465ee728b)  -> (artifact id: 'de933c4818d332bec80875bd20cf02fc') in 0.010391 seconds
Number of updated asset objects reloaded before import = 0
Number of asset objects unloaded after import = 3
========================================================================
Received Import Request.
  Time since last request: 0.871318 seconds.
  path: Assets/Sprites/planetRunner.png
  artifactKey: Guid(2c68f28c2e91f574885364db25809930) Importer(815301076,1909f56bfc062723c751e8b465ee728b)
Start importing Assets/Sprites/planetRunner.png using Guid(2c68f28c2e91f574885364db25809930) Importer(815301076,1909f56bfc062723c751e8b465ee728b)  -> (artifact id: '5b6de85e73b594ed7c909760ab4a1e47') in 0.010512 seconds
Number of updated asset objects reloaded before import = 0
Number of asset objects unloaded after import = 3
========================================================================
Received Import Request.
  Time since last request: 0.000017 seconds.
  path: Assets/Sprites/rocket1.png
  artifactKey: Guid(6ec0c73d72cc3fc4aa6a76afa010ed39) Importer(815301076,1909f56bfc062723c751e8b465ee728b)
Start importing Assets/Sprites/rocket1.png using Guid(6ec0c73d72cc3fc4aa6a76afa010ed39) Importer(815301076,1909f56bfc062723c751e8b465ee728b)  -> (artifact id: 'e42a3d3929d78d2ed90585ca020bddfd') in 0.013992 seconds
Number of updated asset objects reloaded before import = 0
Number of asset objects unloaded after import = 3
========================================================================
Received Import Request.
  Time since last request: 0.000019 seconds.
  path: Assets/Sprites/resetBtn.png
  artifactKey: Guid(4767f7e7a7cc63b4c8356ab12c3c3769) Importer(815301076,1909f56bfc062723c751e8b465ee728b)
Start importing Assets/Sprites/resetBtn.png using Guid(4767f7e7a7cc63b4c8356ab12c3c3769) Importer(815301076,1909f56bfc062723c751e8b465ee728b)  -> (artifact id: '445ba19c2e98c07e0d6bebd63fb18411') in 0.017777 seconds
Number of updated asset objects reloaded before import = 0
Number of asset objects unloaded after import = 3
========================================================================
Received Import Request.
  Time since last request: 0.000016 seconds.
  path: Assets/Sprites/rocket-propulsion-Sheet.png
  artifactKey: Guid(e7bdf2104d67b6c45838dc951f260e5e) Importer(815301076,1909f56bfc062723c751e8b465ee728b)
Start importing Assets/Sprites/rocket-propulsion-Sheet.png using Guid(e7bdf2104d67b6c45838dc951f260e5e) Importer(815301076,1909f56bfc062723c751e8b465ee728b)  -> (artifact id: 'cba2f12ce7060aa384442b523ebdb433') in 0.016304 seconds
Number of updated asset objects reloaded before import = 0
Number of asset objects unloaded after import = 6
========================================================================
Received Import Request.
  Time since last request: 0.884890 seconds.
  path: Assets/Sprites/satellitebase.png
  artifactKey: Guid(bb0fbf8ec53174b49a21829051b152cb) Importer(815301076,1909f56bfc062723c751e8b465ee728b)
Start importing Assets/Sprites/satellitebase.png using Guid(bb0fbf8ec53174b49a21829051b152cb) Importer(815301076,1909f56bfc062723c751e8b465ee728b)  -> (artifact id: 'e31fb3439200b83a076f59b69ded5632') in 0.010955 seconds
Number of updated asset objects reloaded before import = 0
Number of asset objects unloaded after import = 3
========================================================================
Received Import Request.
  Time since last request: 0.000013 seconds.
  path: Assets/Sprites/starbg.png
  artifactKey: Guid(ab5e2fef27591904e9f6aa730998cdeb) Importer(815301076,1909f56bfc062723c751e8b465ee728b)
Start importing Assets/Sprites/starbg.png using Guid(ab5e2fef27591904e9f6aa730998cdeb) Importer(815301076,1909f56bfc062723c751e8b465ee728b)  -> (artifact id: 'ca73d9dad7ae55f48bb5b2ec026f1986') in 0.012945 seconds
Number of updated asset objects reloaded before import = 0
Number of asset objects unloaded after import = 3
========================================================================
Received Import Request.
  Time since last request: 0.000017 seconds.
  path: Assets/Sprites/tutorial2-Sheet.png
  artifactKey: Guid(12255352f7093f549af9602f8a0be67a) Importer(815301076,1909f56bfc062723c751e8b465ee728b)
Start importing Assets/Sprites/tutorial2-Sheet.png using Guid(12255352f7093f549af9602f8a0be67a) Importer(815301076,1909f56bfc062723c751e8b465ee728b)  -> (artifact id: 'c108237032324e837a6fc55f28e1270d') in 0.034796 seconds
Number of updated asset objects reloaded before import = 0
Number of asset objects unloaded after import = 18
========================================================================
Received Import Request.
  Time since last request: 7.775431 seconds.
  path: Assets/AudioManager.cs
  artifactKey: Guid(dd22f7974d665ce49882df1c499a20cd) Importer(815301076,1909f56bfc062723c751e8b465ee728b)
Start importing Assets/AudioManager.cs using Guid(dd22f7974d665ce49882df1c499a20cd) Importer(815301076,1909f56bfc062723c751e8b465ee728b)  -> (artifact id: '9d7527fc7118c1a0894d84b70bcb141c') in 0.000445 seconds
Number of updated asset objects reloaded before import = 0
Number of asset objects unloaded after import = 0
========================================================================
Received Import Request.
  Time since last request: 11.490290 seconds.
  path: Assets/CameraBehavior.cs
  artifactKey: Guid(94b78ec6e1ec69b4ca76d58c6f2017a8) Importer(815301076,1909f56bfc062723c751e8b465ee728b)
Start importing Assets/CameraBehavior.cs using Guid(94b78ec6e1ec69b4ca76d58c6f2017a8) Importer(815301076,1909f56bfc062723c751e8b465ee728b)  -> (artifact id: '5f04c2be66bf37bc8cb18e34298976ff') in 0.000530 seconds
Number of updated asset objects reloaded before import = 0
Number of asset objects unloaded after import = 0
========================================================================
Received Prepare
Begin MonoManager ReloadAssembly
- Loaded All Assemblies, in  0.379 seconds
Refreshing native plugins compatible for Editor in 1.92 ms, found 3 plugins.
Native extension for WindowsStandalone target not found
Native extension for iOS target not found
Native extension for Android target not found
Native extension for WebGL target not found
[Package Manager] Server::EnsureServerProcessIsRunning -- launch failed, reason: Unity was launched with the -noUpm command-line argument
[Package Manager] UpmClient::Send -- Unable to send message (not connected to UPM process).
[Package Manager] Cannot connect to Unity Package Manager local server
Mono: successfully reloaded assembly
- Finished resetting the current domain, in  0.883 seconds
Domain Reload Profiling: 1260ms
	BeginReloadAssembly (143ms)
		ExecutionOrderSort (0ms)
		DisableScriptedObjects (9ms)
		BackupInstance (0ms)
		ReleaseScriptingObjects (0ms)
		CreateAndSetChildDomain (36ms)
	RebuildCommonClasses (33ms)
	RebuildNativeTypeToScriptingClass (9ms)
	initialDomainReloadingComplete (26ms)
	LoadAllAssembliesAndSetupDomain (166ms)
		LoadAssemblies (214ms)
		RebuildTransferFunctionScriptingTraits (0ms)
		AnalyzeDomain (22ms)
			TypeCache.Refresh (9ms)
				TypeCache.ScanAssembly (1ms)
			ScanForSourceGeneratedMonoScriptInfo (8ms)
			ResolveRequiredComponents (3ms)
	FinalizeReload (884ms)
		ReleaseScriptCaches (0ms)
		RebuildScriptCaches (0ms)
		SetupLoadedEditorAssemblies (552ms)
			LogAssemblyErrors (0ms)
			InitializePlatformSupportModulesInManaged (40ms)
			SetLoadedEditorAssemblies (3ms)
			RefreshPlugins (0ms)
			BeforeProcessingInitializeOnLoad (55ms)
			ProcessInitializeOnLoadAttributes (417ms)
			ProcessInitializeOnLoadMethodAttributes (28ms)
			AfterProcessingInitializeOnLoad (8ms)
			EditorAssembliesLoaded (0ms)
		ExecutionOrderSort2 (0ms)
		AwakeInstancesAfterBackupRestoration (14ms)
Refreshing native plugins compatible for Editor in 1.90 ms, found 3 plugins.
Preloading 0 native plugins for Editor in 0.00 ms.
Unloading 2583 Unused Serialized files (Serialized files now loaded: 0)
Unloading 31 unused Assets / (104.0 KB). Loaded Objects now: 3121.
Memory consumption went from 118.1 MB to 118.0 MB.
Total: 4.402700 ms (FindLiveObjects: 0.277400 ms CreateObjectMapping: 0.552200 ms MarkObjects: 3.492600 ms  DeleteObjects: 0.079400 ms)

Prepare: number of updated asset objects reloaded= 0
AssetImportParameters requested are different than current active one (requested -> active):
  custom:video-decoder-webm-vp8: 9c59270c3fd7afecdb556c50c9e8de78 -> 
  custom:SearchIndexIgnoredProperties: e643bd26f0fe6173181afceb89e7c659 -> 
  custom:container-demuxer-ogg: 62fdf1f143b41e24485cea50d1cbac27 -> 
  custom:AudioImporter_EditorPlatform: d09bf68614088b80899f8185d706f6e7 -> 
  custom:video-codec-MediaFoundation-h265: 746d11721c4dcdbdad8f713fa42b33f4 -> 
  custom:video-decoder-ogg-theora: a1e56fd34408186e4bbccfd4996cb3dc -> 
  custom:framework-win-MediaFoundation: 216162199b28c13a410421893ffa2e32 -> 
  custom:video-encoder-webm-vp8: eb34c28f22e8b96e1ab97ce403110664 -> 
  custom:audio-decoder-ogg-vorbis: bf7c407c2cedff20999df2af8eb42d56 -> 
  custom:CustomObjectIndexerAttribute: 43b350a4d6e6d1791af0b5038c4bea17 -> 
  custom:container-demuxer-webm: 4f35f7cbe854078d1ac9338744f61a02 -> 
  custom:audio-encoder-webm-vorbis: bf7c407c2cedff20999df2af8eb42d56 -> 
  custom:container-muxer-webm: aa71ff27fc2769a1b78a27578f13a17b -> 
========================================================================
Received Import Request.
  Time since last request: 18.588325 seconds.
  path: Assets/Logo
  artifactKey: Guid(8e2614e530d8ff74d997fd6150aa4743) Importer(815301076,1909f56bfc062723c751e8b465ee728b)
Start importing Assets/Logo using Guid(8e2614e530d8ff74d997fd6150aa4743) Importer(815301076,1909f56bfc062723c751e8b465ee728b)  -> (artifact id: '1955aec4a8bd126d34059d0de3222b48') in 0.002256 seconds
Number of updated asset objects reloaded before import = 0
Number of asset objects unloaded after import = 0
========================================================================
Received Import Request.
  Time since last request: 9.982090 seconds.
  path: Assets/Animations
  artifactKey: Guid(7f8c73347f872d24d8895d24ad6b479f) Importer(815301076,1909f56bfc062723c751e8b465ee728b)
Start importing Assets/Animations using Guid(7f8c73347f872d24d8895d24ad6b479f) Importer(815301076,1909f56bfc062723c751e8b465ee728b)  -> (artifact id: '9c699f06ee1d7502747e51c75778ca43') in 0.000546 seconds
Number of updated asset objects reloaded before import = 0
Number of asset objects unloaded after import = 0
========================================================================
Received Import Request.
  Time since last request: 7.127494 seconds.
  path: Assets/Prefabs/Runner
  artifactKey: Guid(2ce5e5e343c53d4498718cc67ff00e73) Importer(815301076,1909f56bfc062723c751e8b465ee728b)
Start importing Assets/Prefabs/Runner using Guid(2ce5e5e343c53d4498718cc67ff00e73) Importer(815301076,1909f56bfc062723c751e8b465ee728b)  -> (artifact id: '9320d2546cd08619de1ed7500af44857') in 0.000502 seconds
Number of updated asset objects reloaded before import = 0
Number of asset objects unloaded after import = 0
========================================================================
Received Import Request.
  Time since last request: 0.059389 seconds.
  path: Assets/Prefabs/Runner/Cat.prefab
  artifactKey: Guid(157998d694aecbb4fb272be9428755a8) Importer(815301076,1909f56bfc062723c751e8b465ee728b)
Start importing Assets/Prefabs/Runner/Cat.prefab using Guid(157998d694aecbb4fb272be9428755a8) Importer(815301076,1909f56bfc062723c751e8b465ee728b)  -> (artifact id: '026a2bb07f76a511fdeb33d276c3775b') in 0.053401 seconds
Number of updated asset objects reloaded before import = 0
Number of asset objects unloaded after import = 14
========================================================================
Received Import Request.
  Time since last request: 0.000019 seconds.
  path: Assets/Prefabs/Runner/Planet.prefab
  artifactKey: Guid(62f068720e17fac4f82fb6af1d035ce8) Importer(815301076,1909f56bfc062723c751e8b465ee728b)
Start importing Assets/Prefabs/Runner/Planet.prefab using Guid(62f068720e17fac4f82fb6af1d035ce8) Importer(815301076,1909f56bfc062723c751e8b465ee728b)  -> (artifact id: '1932114bab819ff33a92c9dea424e611') in 0.029726 seconds
Number of updated asset objects reloaded before import = 0
Number of asset objects unloaded after import = 52
========================================================================
Received Import Request.
  Time since last request: 0.978667 seconds.
  path: Assets/Prefabs/Universe
  artifactKey: Guid(e765db146aa081940ad2cd551e356996) Importer(815301076,1909f56bfc062723c751e8b465ee728b)
Start importing Assets/Prefabs/Universe using Guid(e765db146aa081940ad2cd551e356996) Importer(815301076,1909f56bfc062723c751e8b465ee728b)  -> (artifact id: '63bae2986f4856a04f0458a88af4dc6d') in 0.000543 seconds
Number of updated asset objects reloaded before import = 0
Number of asset objects unloaded after import = 0
========================================================================
Received Import Request.
  Time since last request: 0.050798 seconds.
  path: Assets/Prefabs/Universe/Big Sun.prefab
  artifactKey: Guid(3dda88935bfef5e42818f03cb687977c) Importer(815301076,1909f56bfc062723c751e8b465ee728b)
Start importing Assets/Prefabs/Universe/Big Sun.prefab using Guid(3dda88935bfef5e42818f03cb687977c) Importer(815301076,1909f56bfc062723c751e8b465ee728b)  -> (artifact id: '1ad09eebaec0e655335e775acb01c49b') in 0.005090 seconds
Number of updated asset objects reloaded before import = 0
Number of asset objects unloaded after import = 8
========================================================================
Received Import Request.
  Time since last request: 0.000014 seconds.
  path: Assets/Prefabs/Universe/SunCenterRed.prefab
  artifactKey: Guid(e4e11ed38f7b15143a17aa0a5b5cd30b) Importer(815301076,1909f56bfc062723c751e8b465ee728b)
Start importing Assets/Prefabs/Universe/SunCenterRed.prefab using Guid(e4e11ed38f7b15143a17aa0a5b5cd30b) Importer(815301076,1909f56bfc062723c751e8b465ee728b)  -> (artifact id: '537870c60cf2f1c4f6722e2ce7238269') in 0.006640 seconds
Number of updated asset objects reloaded before import = 0
Number of asset objects unloaded after import = 19
========================================================================
Received Import Request.
  Time since last request: 0.000017 seconds.
  path: Assets/Prefabs/Universe/Big Sun 4.prefab
  artifactKey: Guid(f110b018c447cc14f9669fec6c607a5f) Importer(815301076,1909f56bfc062723c751e8b465ee728b)
Start importing Assets/Prefabs/Universe/Big Sun 4.prefab using Guid(f110b018c447cc14f9669fec6c607a5f) Importer(815301076,1909f56bfc062723c751e8b465ee728b)  -> (artifact id: '7b2466c5fa9b6dc20cbfb56f10cdbbdd') in 0.004725 seconds
Number of updated asset objects reloaded before import = 0
Number of asset objects unloaded after import = 8
========================================================================
Received Import Request.
  Time since last request: 0.000023 seconds.
  path: Assets/Prefabs/Universe/Visited.prefab
  artifactKey: Guid(2256bc4d782d6b54a9dfe5a46d7fa20e) Importer(815301076,1909f56bfc062723c751e8b465ee728b)
Start importing Assets/Prefabs/Universe/Visited.prefab using Guid(2256bc4d782d6b54a9dfe5a46d7fa20e) Importer(815301076,1909f56bfc062723c751e8b465ee728b)  -> (artifact id: 'e1d578759b335b103ff982fa9d21bb7d') in 0.005867 seconds
Number of updated asset objects reloaded before import = 0
Number of asset objects unloaded after import = 12
========================================================================
Received Import Request.
  Time since last request: 0.000020 seconds.
  path: Assets/Prefabs/Universe/SunCenterBlue 1.prefab
  artifactKey: Guid(68e5c9d247950e340b62735aea74f34a) Importer(815301076,1909f56bfc062723c751e8b465ee728b)
Start importing Assets/Prefabs/Universe/SunCenterBlue 1.prefab using Guid(68e5c9d247950e340b62735aea74f34a) Importer(815301076,1909f56bfc062723c751e8b465ee728b)  -> (artifact id: 'e36282cbab1420196660cb11d0576dee') in 0.006148 seconds
Number of updated asset objects reloaded before import = 0
Number of asset objects unloaded after import = 19
========================================================================
Received Prepare
Refreshing native plugins compatible for Editor in 2.02 ms, found 3 plugins.
Preloading 0 native plugins for Editor in 0.00 ms.
Unloading 1 Unused Serialized files (Serialized files now loaded: 0)
Unloading 2 unused Assets / (84.0 KB). Loaded Objects now: 3126.
Memory consumption went from 79.0 MB to 78.9 MB.
Total: 4.812300 ms (FindLiveObjects: 0.211500 ms CreateObjectMapping: 0.072000 ms MarkObjects: 4.473800 ms  DeleteObjects: 0.053600 ms)

Prepare: number of updated asset objects reloaded= 2
AssetImportParameters requested are different than current active one (requested -> active):
  custom:video-decoder-webm-vp8: 9c59270c3fd7afecdb556c50c9e8de78 -> 
  custom:SearchIndexIgnoredProperties: e643bd26f0fe6173181afceb89e7c659 -> 
  custom:container-demuxer-ogg: 62fdf1f143b41e24485cea50d1cbac27 -> 
  custom:AudioImporter_EditorPlatform: d09bf68614088b80899f8185d706f6e7 -> 
  custom:video-codec-MediaFoundation-h265: 746d11721c4dcdbdad8f713fa42b33f4 -> 
  custom:video-decoder-ogg-theora: a1e56fd34408186e4bbccfd4996cb3dc -> 
  custom:framework-win-MediaFoundation: 216162199b28c13a410421893ffa2e32 -> 
  custom:video-encoder-webm-vp8: eb34c28f22e8b96e1ab97ce403110664 -> 
  custom:audio-decoder-ogg-vorbis: bf7c407c2cedff20999df2af8eb42d56 -> 
  custom:CustomObjectIndexerAttribute: 43b350a4d6e6d1791af0b5038c4bea17 -> 
  custom:container-demuxer-webm: 4f35f7cbe854078d1ac9338744f61a02 -> 
  custom:audio-encoder-webm-vorbis: bf7c407c2cedff20999df2af8eb42d56 -> 
  custom:container-muxer-webm: aa71ff27fc2769a1b78a27578f13a17b -> 
========================================================================
Received Prepare
Refreshing native plugins compatible for Editor in 2.08 ms, found 3 plugins.
Preloading 0 native plugins for Editor in 0.00 ms.
Unloading 2 Unused Serialized files (Serialized files now loaded: 0)
Unloading 2 unused Assets / (86.3 KB). Loaded Objects now: 3126.
Memory consumption went from 79.2 MB to 79.1 MB.
Total: 5.133700 ms (FindLiveObjects: 0.226400 ms CreateObjectMapping: 0.072500 ms MarkObjects: 4.786800 ms  DeleteObjects: 0.047100 ms)

Prepare: number of updated asset objects reloaded= 0
AssetImportParameters requested are different than current active one (requested -> active):
  custom:video-decoder-webm-vp8: 9c59270c3fd7afecdb556c50c9e8de78 -> 
  custom:SearchIndexIgnoredProperties: e643bd26f0fe6173181afceb89e7c659 -> 
  custom:container-demuxer-ogg: 62fdf1f143b41e24485cea50d1cbac27 -> 
  custom:AudioImporter_EditorPlatform: d09bf68614088b80899f8185d706f6e7 -> 
  custom:video-codec-MediaFoundation-h265: 746d11721c4dcdbdad8f713fa42b33f4 -> 
  custom:video-decoder-ogg-theora: a1e56fd34408186e4bbccfd4996cb3dc -> 
  custom:framework-win-MediaFoundation: 216162199b28c13a410421893ffa2e32 -> 
  custom:video-encoder-webm-vp8: eb34c28f22e8b96e1ab97ce403110664 -> 
  custom:audio-decoder-ogg-vorbis: bf7c407c2cedff20999df2af8eb42d56 -> 
  custom:CustomObjectIndexerAttribute: 43b350a4d6e6d1791af0b5038c4bea17 -> 
  custom:container-demuxer-webm: 4f35f7cbe854078d1ac9338744f61a02 -> 
  custom:audio-encoder-webm-vorbis: bf7c407c2cedff20999df2af8eb42d56 -> 
  custom:container-muxer-webm: aa71ff27fc2769a1b78a27578f13a17b -> 
========================================================================
Received Import Request.
  Time since last request: 71.183627 seconds.
  path: Assets/Sprites/logo.png
  artifactKey: Guid(53fbc8ba86035c54083a6371e10712ec) Importer(815301076,1909f56bfc062723c751e8b465ee728b)
Start importing Assets/Sprites/logo.png using Guid(53fbc8ba86035c54083a6371e10712ec) Importer(815301076,1909f56bfc062723c751e8b465ee728b)  -> (artifact id: '96524b31ca98283fc9ba3e1b53cdbacd') in 0.038884 seconds
Number of updated asset objects reloaded before import = 0
Number of asset objects unloaded after import = 2
========================================================================
Received Prepare
Begin MonoManager ReloadAssembly
- Loaded All Assemblies, in  0.421 seconds
Refreshing native plugins compatible for Editor in 2.25 ms, found 3 plugins.
Native extension for WindowsStandalone target not found
Native extension for iOS target not found
Native extension for Android target not found
Native extension for WebGL target not found
[Package Manager] Server::EnsureServerProcessIsRunning -- launch failed, reason: Unity was launched with the -noUpm command-line argument
[Package Manager] UpmClient::Send -- Unable to send message (not connected to UPM process).
[Package Manager] Cannot connect to Unity Package Manager local server
Mono: successfully reloaded assembly
- Finished resetting the current domain, in  0.782 seconds
Domain Reload Profiling: 1200ms
	BeginReloadAssembly (138ms)
		ExecutionOrderSort (0ms)
		DisableScriptedObjects (9ms)
		BackupInstance (0ms)
		ReleaseScriptingObjects (0ms)
		CreateAndSetChildDomain (34ms)
	RebuildCommonClasses (26ms)
	RebuildNativeTypeToScriptingClass (9ms)
	initialDomainReloadingComplete (25ms)
	LoadAllAssembliesAndSetupDomain (219ms)
		LoadAssemblies (213ms)
		RebuildTransferFunctionScriptingTraits (0ms)
		AnalyzeDomain (75ms)
			TypeCache.Refresh (60ms)
				TypeCache.ScanAssembly (49ms)
			ScanForSourceGeneratedMonoScriptInfo (11ms)
			ResolveRequiredComponents (3ms)
	FinalizeReload (782ms)
		ReleaseScriptCaches (0ms)
		RebuildScriptCaches (0ms)
		SetupLoadedEditorAssemblies (459ms)
			LogAssemblyErrors (0ms)
			InitializePlatformSupportModulesInManaged (33ms)
			SetLoadedEditorAssemblies (2ms)
			RefreshPlugins (0ms)
			BeforeProcessingInitializeOnLoad (49ms)
			ProcessInitializeOnLoadAttributes (344ms)
			ProcessInitializeOnLoadMethodAttributes (23ms)
			AfterProcessingInitializeOnLoad (8ms)
			EditorAssembliesLoaded (0ms)
		ExecutionOrderSort2 (0ms)
		AwakeInstancesAfterBackupRestoration (10ms)
Refreshing native plugins compatible for Editor in 1.70 ms, found 3 plugins.
Preloading 0 native plugins for Editor in 0.00 ms.
Unloading 2583 Unused Serialized files (Serialized files now loaded: 0)
Unloading 31 unused Assets / (113.6 KB). Loaded Objects now: 3141.
Memory consumption went from 120.5 MB to 120.4 MB.
Total: 3.969900 ms (FindLiveObjects: 0.224400 ms CreateObjectMapping: 0.148200 ms MarkObjects: 3.524900 ms  DeleteObjects: 0.071500 ms)

Prepare: number of updated asset objects reloaded= 0
AssetImportParameters requested are different than current active one (requested -> active):
  custom:video-decoder-webm-vp8: 9c59270c3fd7afecdb556c50c9e8de78 -> 
  custom:SearchIndexIgnoredProperties: e643bd26f0fe6173181afceb89e7c659 -> 
  custom:container-demuxer-ogg: 62fdf1f143b41e24485cea50d1cbac27 -> 
  custom:AudioImporter_EditorPlatform: d09bf68614088b80899f8185d706f6e7 -> 
  custom:video-codec-MediaFoundation-h265: 746d11721c4dcdbdad8f713fa42b33f4 -> 
  custom:video-decoder-ogg-theora: a1e56fd34408186e4bbccfd4996cb3dc -> 
  custom:framework-win-MediaFoundation: 216162199b28c13a410421893ffa2e32 -> 
  custom:video-encoder-webm-vp8: eb34c28f22e8b96e1ab97ce403110664 -> 
  custom:audio-decoder-ogg-vorbis: bf7c407c2cedff20999df2af8eb42d56 -> 
  custom:CustomObjectIndexerAttribute: 43b350a4d6e6d1791af0b5038c4bea17 -> 
  custom:container-demuxer-webm: 4f35f7cbe854078d1ac9338744f61a02 -> 
  custom:audio-encoder-webm-vorbis: bf7c407c2cedff20999df2af8eb42d56 -> 
  custom:container-muxer-webm: aa71ff27fc2769a1b78a27578f13a17b -> 
========================================================================
Received Import Request.
  Time since last request: 36.858218 seconds.
  path: Assets/Logo/dumb kid2.png
  artifactKey: Guid(fe9dffff531b7d741b656ac9ad23a57e) Importer(815301076,1909f56bfc062723c751e8b465ee728b)
Start importing Assets/Logo/dumb kid2.png using Guid(fe9dffff531b7d741b656ac9ad23a57e) Importer(815301076,1909f56bfc062723c751e8b465ee728b)  -> (artifact id: '1f8345463411a43b3e86b0244ae49abe') in 0.054238 seconds
Number of updated asset objects reloaded before import = 0
Number of asset objects unloaded after import = 3
